2015-03-10 09:39:09 [::1][-][-][error][yii\web\HttpException:404] exception 'yii\base\InvalidRouteException' with message 'Unable to resolve the request: site/signup' in C:\apc-softdev-it111-05\application\asnd_lcmam\vendor\yiisoft\yii2\base\Controller.php:122
Stack trace:
#0 C:\apc-softdev-it111-05\application\asnd_lcmam\vendor\yiisoft\yii2\base\Module.php(455): yii\base\Controller->runAction('signup', Array)
#1 C:\apc-softdev-it111-05\application\asnd_lcmam\vendor\yiisoft\yii2\web\Application.php(83): yii\base\Module->runAction('site/signup', Array)
#2 C:\apc-softdev-it111-05\application\asnd_lcmam\vendor\yiisoft\yii2\base\Application.php(375): yii\web\Application->handleRequest(Object(yii\web\Request))
#3 C:\apc-softdev-it111-05\application\asnd_lcmam\backend\web\index.php(18): yii\base\Application->run()
#4 {main}

Next exception 'yii\web\NotFoundHttpException' with message 'Page not found.' in C:\apc-softdev-it111-05\application\asnd_lcmam\vendor\yiisoft\yii2\web\Application.php:95
Stack trace:
#0 C:\apc-softdev-it111-05\application\asnd_lcmam\vendor\yiisoft\yii2\base\Application.php(375): yii\web\Application->handleRequest(Object(yii\web\Request))
#1 C:\apc-softdev-it111-05\application\asnd_lcmam\backend\web\index.php(18): yii\base\Application->run()
#2 {main}
2015-03-10 09:39:08 [::1][-][-][info][application] $_GET = [
    'r' => 'site/signup'
]

$_COOKIE = [
    'PHPSESSID' => '5o17emucd9cmc48tsg3612kbf6'
    '_csrf' => 'f6a2f68d21365b0e84b74cbfede36130d4f56727971925d4ce257b20fd0fccc1s:32:\"s5FPQwFt4llqwNylxzizrqRAKAHeAlmR\";'
]

$_SESSION = [
    '__flash' => []
]

$_SERVER = [
    'MIBDIRS' => 'C:/xampp/php/extras/mibs'
    'MYSQL_HOME' => '\\xampp\\mysql\\bin'
    'OPENSSL_CONF' => 'C:/xampp/apache/bin/openssl.cnf'
    'PHP_PEAR_SYSCONF_DIR' => '\\xampp\\php'
    'PHPRC' => '\\xampp\\php'
    'TMP' => '\\xampp\\tmp'
    'HTTP_HOST' => 'localhost'
    'HTTP_CONNECTION' => 'keep-alive'
    'HTTP_ACCEPT' => 'text/html,application/xhtml+xml,application/xml;q=0.9,image/webp,*/*;q=0.8'
    'HTTP_USER_AGENT' => 'Mozilla/5.0 (Windows NT 6.3; WOW64) AppleWebKit/537.36 (KHTML, like Gecko) Chrome/41.0.2272.76 Safari/537.36'
    'HTTP_ACCEPT_ENCODING' => 'gzip, deflate, sdch'
    'HTTP_ACCEPT_LANGUAGE' => 'en-US,en;q=0.8,zh-TW;q=0.6,zh;q=0.4,en-GB;q=0.2,fil;q=0.2'
    'HTTP_COOKIE' => 'PHPSESSID=5o17emucd9cmc48tsg3612kbf6; _csrf=f6a2f68d21365b0e84b74cbfede36130d4f56727971925d4ce257b20fd0fccc1s%3A32%3A%22s5FPQwFt4llqwNylxzizrqRAKAHeAlmR%22%3B'
    'PATH' => 'C:\\app\\Trix\\product\\12.1.0\\dbhome_2\\bin;C:\\Program Files (x86)\\NVIDIA Corporation\\PhysX\\Common;C:\\Program Files (x86)\\Intel\\iCLS Client\\;C:\\Program Files\\Intel\\iCLS Client\\;C:\\WINDOWS\\system32;C:\\WINDOWS;C:\\WINDOWS\\System32\\Wbem;C:\\WINDOWS\\System32\\WindowsPowerShell\\v1.0\\;C:\\Program Files\\Intel\\Intel(R) Management Engine Components\\DAL;C:\\Program Files\\Intel\\Intel(R) Management Engine Components\\IPT;C:\\Program Files (x86)\\Intel\\Intel(R) Management Engine Components\\DAL;C:\\Program Files (x86)\\Intel\\Intel(R) Management Engine Components\\IPT;C:\\Program Files (x86)\\Intel\\OpenCL SDK\\2.0\\bin\\x86;C:\\Program Files (x86)\\Intel\\OpenCL SDK\\2.0\\bin\\x64;C:\\Program Files (x86)\\Windows Live\\Shared;C:\\Program Files (x86)\\MySQL\\MySQL Utilities 1.3.6\\;C:\\Program Files\\Microsoft SQL Server\\110\\Tools\\Binn\\;C:\\Program Files (x86)\\Microsoft SQL Server\\110\\Tools\\Binn\\ManagementStudio\\;C:\\Program Files (x86)\\Microsoft SQL Server\\110\\Tools\\Binn\\;C:\\Program Files (x86)\\Microsoft SQL Server\\110\\DTS\\Binn\\;C:\\xampp\\php;C:\\ProgramData\\ComposerSetup\\bin;C:\\Program Files\\TortoiseGit\\bin'
    'SystemRoot' => 'C:\\WINDOWS'
    'COMSPEC' => 'C:\\WINDOWS\\system32\\cmd.exe'
    'PATHEXT' => '.COM;.EXE;.BAT;.CMD;.VBS;.VBE;.JS;.JSE;.WSF;.WSH;.MSC'
    'WINDIR' => 'C:\\WINDOWS'
    'SERVER_SIGNATURE' => '<address>Apache/2.4.4 (Win32) OpenSSL/1.0.1e PHP/5.5.3 Server at localhost Port 80</address>
'
    'SERVER_SOFTWARE' => 'Apache/2.4.4 (Win32) OpenSSL/1.0.1e PHP/5.5.3'
    'SERVER_NAME' => 'localhost'
    'SERVER_ADDR' => '::1'
    'SERVER_PORT' => '80'
    'REMOTE_ADDR' => '::1'
    'DOCUMENT_ROOT' => 'C:/xampp/htdocs'
    'REQUEST_SCHEME' => 'http'
    'CONTEXT_PREFIX' => ''
    'CONTEXT_DOCUMENT_ROOT' => 'C:/xampp/htdocs'
    'SERVER_ADMIN' => 'postmaster@localhost'
    'SCRIPT_FILENAME' => 'C:/xampp/htdocs/asnd_lcmam/backend/web/index.php'
    'REMOTE_PORT' => '53901'
    'GATEWAY_INTERFACE' => 'CGI/1.1'
    'SERVER_PROTOCOL' => 'HTTP/1.1'
    'REQUEST_METHOD' => 'GET'
    'QUERY_STRING' => 'r=site%2Fsignup'
    'REQUEST_URI' => '/asnd_lcmam/backend/web/index.php?r=site%2Fsignup'
    'SCRIPT_NAME' => '/asnd_lcmam/backend/web/index.php'
    'PHP_SELF' => '/asnd_lcmam/backend/web/index.php'
    'REQUEST_TIME_FLOAT' => 1425976748.698
    'REQUEST_TIME' => 1425976748
]
